2012/10/13 11:36:22 [error] [exception.CDbException] exception 'CDbException' with message 'CDbConnection failed to open the DB connection: SQLSTATE[28000] [1045] Access denied for user 'saudeaud_fcm'@'localhost' (using password: YES)' in /home/endel/www/yii/framework/db/CDbConnection.php:382
Stack trace:
#0 /home/endel/www/yii/framework/db/CDbConnection.php(331): CDbConnection->open()
#1 /home/endel/www/yii/framework/db/CDbConnection.php(309): CDbConnection->setActive(true)
#2 /home/endel/www/yii/framework/base/CModule.php(388): CDbConnection->init()
#3 /home/endel/www/yii/framework/base/CApplication.php(431): CModule->getComponent('db')
#4 /home/endel/www/yii/framework/db/ar/CActiveRecord.php(624): CApplication->getDb()
#5 /home/endel/www/yii/framework/db/ar/CActiveRecord.php(2311): CActiveRecord->getDbConnection()
#6 /home/endel/www/yii/framework/db/ar/CActiveRecord.php(388): CActiveRecordMetaData->__construct(Object(ProteseAvaliacao))
#7 /home/endel/www/yii/framework/db/ar/CActiveRecord.php(403): CActiveRecord::model('ProteseAvaliaca...')
#8 /home/endel/www/yii/framework/db/ar/CActiveRecord.php(78): CActiveRecord->getMetaData()
#9 /home/endel/www/fsa/protected/controllers/ProteseAvaliacaoController.php(65): CActiveRecord->__construct()
#10 /home/endel/www/yii/framework/web/actions/CInlineAction.php(50): ProteseAvaliacaoController->actionCreate()
#11 /home/endel/www/yii/framework/web/CController.php(309): CInlineAction->runWithParams(Array)
#12 /home/endel/www/yii/framework/web/filters/CFilterChain.php(134): CController->runAction(Object(CInlineAction))
#13 /home/endel/www/yii/framework/web/filters/CFilter.php(41): CFilterChain->run()
#14 /home/endel/www/yii/framework/web/CController.php(1146): CFilter->filter(Object(CFilterChain))
#15 /home/endel/www/yii/framework/web/filters/CInlineFilter.php(59): CController->filterAccessControl(Object(CFilterChain))
#16 /home/endel/www/yii/framework/web/filters/CFilterChain.php(131): CInlineFilter->filter(Object(CFilterChain))
#17 /home/endel/www/yii/framework/web/CController.php(292): CFilterChain->run()
#18 /home/endel/www/yii/framework/web/CController.php(266): CController->runActionWithFilters(Object(CInlineAction), Array)
#19 /home/endel/www/yii/framework/web/CWebApplication.php(283): CController->run('create')
#20 /home/endel/www/yii/framework/web/CWebApplication.php(142): CWebApplication->runController('proteseAvaliaca...')
#21 /home/endel/www/yii/framework/base/CApplication.php(162): CWebApplication->processRequest()
#22 /home/endel/www/fsa/index.php(13): CApplication->run()
#23 {main}
REQUEST_URI=/dev/fsa/index.php?r=proteseAvaliacao/create
HTTP_REFERER=http://localhost/dev/fsa/index.php?r=site/login
---
2012/10/13 11:37:28 [error] [system.db.CDbCommand] Falha ao executar CDbCommand::fetchAll(): SQLSTATE[42S02]: Base table or view not found: 1146 Table 'fcm.protese_avaliacao' doesn't exist. A declaração SQL executada foi: SHOW COLUMNS FROM `protese_avaliacao`.
in /home/endel/www/fsa/protected/controllers/ProteseAvaliacaoController.php (65)
in /home/endel/www/fsa/index.php (13)
2012/10/13 11:37:28 [error] [exception.CDbException] exception 'CDbException' with message 'A tabela "protese_avaliacao" da classe de active record "ProteseAvaliacao", não pôde ser encontrada no banco de dados.' in /home/endel/www/yii/framework/db/ar/CActiveRecord.php:2312
Stack trace:
#0 /home/endel/www/yii/framework/db/ar/CActiveRecord.php(388): CActiveRecordMetaData->__construct(Object(ProteseAvaliacao))
#1 /home/endel/www/yii/framework/db/ar/CActiveRecord.php(403): CActiveRecord::model('ProteseAvaliaca...')
#2 /home/endel/www/yii/framework/db/ar/CActiveRecord.php(78): CActiveRecord->getMetaData()
#3 /home/endel/www/fsa/protected/controllers/ProteseAvaliacaoController.php(65): CActiveRecord->__construct()
#4 /home/endel/www/yii/framework/web/actions/CInlineAction.php(50): ProteseAvaliacaoController->actionCreate()
#5 /home/endel/www/yii/framework/web/CController.php(309): CInlineAction->runWithParams(Array)
#6 /home/endel/www/yii/framework/web/filters/CFilterChain.php(134): CController->runAction(Object(CInlineAction))
#7 /home/endel/www/yii/framework/web/filters/CFilter.php(41): CFilterChain->run()
#8 /home/endel/www/yii/framework/web/CController.php(1146): CFilter->filter(Object(CFilterChain))
#9 /home/endel/www/yii/framework/web/filters/CInlineFilter.php(59): CController->filterAccessControl(Object(CFilterChain))
#10 /home/endel/www/yii/framework/web/filters/CFilterChain.php(131): CInlineFilter->filter(Object(CFilterChain))
#11 /home/endel/www/yii/framework/web/CController.php(292): CFilterChain->run()
#12 /home/endel/www/yii/framework/web/CController.php(266): CController->runActionWithFilters(Object(CInlineAction), Array)
#13 /home/endel/www/yii/framework/web/CWebApplication.php(283): CController->run('create')
#14 /home/endel/www/yii/framework/web/CWebApplication.php(142): CWebApplication->runController('proteseAvaliaca...')
#15 /home/endel/www/yii/framework/base/CApplication.php(162): CWebApplication->processRequest()
#16 /home/endel/www/fsa/index.php(13): CApplication->run()
#17 {main}
REQUEST_URI=/dev/fsa/index.php?r=proteseAvaliacao/create
HTTP_REFERER=http://localhost/dev/fsa/index.php?r=site/login
---
2012/10/15 12:41:13 [error] [exception.CException] exception 'CException' with message 'A propriedade "ProteseAvaliacao.grau_movimentacao_cabeca" não está definida.' in /home/endel/www/yii/framework/base/CComponent.php:131
Stack trace:
#0 /home/endel/www/yii/framework/db/ar/CActiveRecord.php(144): CComponent->__get('grau_movimentac...')
#1 /home/endel/www/yii/framework/web/helpers/CHtml.php(2158): CActiveRecord->__get('grau_movimentac...')
#2 /home/endel/www/yii/framework/web/helpers/CHtml.php(1418): CHtml::resolveValue(Object(ProteseAvaliacao), 'grau_movimentac...')
#3 /home/endel/www/yii/framework/web/widgets/CActiveForm.php(733): CHtml::activeRadioButton(Object(ProteseAvaliacao), 'grau_movimentac...', Array)
#4 /home/endel/www/fsa/protected/views/proteseAvaliacao/_form.php(447): CActiveForm->radioButton(Object(ProteseAvaliacao), 'grau_movimentac...', Array)
#5 /home/endel/www/yii/framework/web/CBaseController.php(127): require('/home/endel/www...')
#6 /home/endel/www/yii/framework/web/CBaseController.php(96): CBaseController->renderInternal('/home/endel/www...', Array, true)
#7 /home/endel/www/yii/framework/web/CController.php(870): CBaseController->renderFile('/home/endel/www...', Array, true)
#8 /home/endel/www/fsa/protected/views/proteseAvaliacao/create.php(17): CController->renderPartial('_form', Array)
#9 /home/endel/www/yii/framework/web/CBaseController.php(127): require('/home/endel/www...')
#10 /home/endel/www/yii/framework/web/CBaseController.php(96): CBaseController->renderInternal('/home/endel/www...', Array, true)
#11 /home/endel/www/yii/framework/web/CController.php(870): CBaseController->renderFile('/home/endel/www...', Array, true)
#12 /home/endel/www/yii/framework/web/CController.php(783): CController->renderPartial('create', Array, true)
#13 /home/endel/www/fsa/protected/controllers/ProteseAvaliacaoController.php(80): CController->render('create', Array)
#14 /home/endel/www/yii/framework/web/actions/CInlineAction.php(50): ProteseAvaliacaoController->actionCreate()
#15 /home/endel/www/yii/framework/web/CController.php(309): CInlineAction->runWithParams(Array)
#16 /home/endel/www/yii/framework/web/filters/CFilterChain.php(134): CController->runAction(Object(CInlineAction))
#17 /home/endel/www/yii/framework/web/filters/CFilter.php(41): CFilterChain->run()
#18 /home/endel/www/yii/framework/web/CController.php(1146): CFilter->filter(Object(CFilterChain))
#19 /home/endel/www/yii/framework/web/filters/CInlineFilter.php(59): CController->filterAccessControl(Object(CFilterChain))
#20 /home/endel/www/yii/framework/web/filters/CFilterChain.php(131): CInlineFilter->filter(Object(CFilterChain))
#21 /home/endel/www/yii/framework/web/CController.php(292): CFilterChain->run()
#22 /home/endel/www/yii/framework/web/CController.php(266): CController->runActionWithFilters(Object(CInlineAction), Array)
#23 /home/endel/www/yii/framework/web/CWebApplication.php(283): CController->run('create')
#24 /home/endel/www/yii/framework/web/CWebApplication.php(142): CWebApplication->runController('proteseAvaliaca...')
#25 /home/endel/www/yii/framework/base/CApplication.php(162): CWebApplication->processRequest()
#26 /home/endel/www/fsa/index.php(13): CApplication->run()
#27 {main}
REQUEST_URI=/dev/fsa/index.php?r=proteseAvaliacao/create
HTTP_REFERER=http://localhost/dev/fsa/index.php?r=site/login
---
2012/10/15 12:43:23 [error] [exception.CException] exception 'CException' with message 'A propriedade "ProteseAvaliacao.grau_movimentacao_cabeca" não está definida.' in /home/endel/www/yii/framework/base/CComponent.php:131
Stack trace:
#0 /home/endel/www/yii/framework/db/ar/CActiveRecord.php(144): CComponent->__get('grau_movimentac...')
#1 /home/endel/www/yii/framework/web/helpers/CHtml.php(2158): CActiveRecord->__get('grau_movimentac...')
#2 /home/endel/www/yii/framework/web/helpers/CHtml.php(1418): CHtml::resolveValue(Object(ProteseAvaliacao), 'grau_movimentac...')
#3 /home/endel/www/yii/framework/web/widgets/CActiveForm.php(733): CHtml::activeRadioButton(Object(ProteseAvaliacao), 'grau_movimentac...', Array)
#4 /home/endel/www/fsa/protected/views/proteseAvaliacao/_form.php(447): CActiveForm->radioButton(Object(ProteseAvaliacao), 'grau_movimentac...', Array)
#5 /home/endel/www/yii/framework/web/CBaseController.php(127): require('/home/endel/www...')
#6 /home/endel/www/yii/framework/web/CBaseController.php(96): CBaseController->renderInternal('/home/endel/www...', Array, true)
#7 /home/endel/www/yii/framework/web/CController.php(870): CBaseController->renderFile('/home/endel/www...', Array, true)
#8 /home/endel/www/fsa/protected/views/proteseAvaliacao/create.php(17): CController->renderPartial('_form', Array)
#9 /home/endel/www/yii/framework/web/CBaseController.php(127): require('/home/endel/www...')
#10 /home/endel/www/yii/framework/web/CBaseController.php(96): CBaseController->renderInternal('/home/endel/www...', Array, true)
#11 /home/endel/www/yii/framework/web/CController.php(870): CBaseController->renderFile('/home/endel/www...', Array, true)
#12 /home/endel/www/yii/framework/web/CController.php(783): CController->renderPartial('create', Array, true)
#13 /home/endel/www/fsa/protected/controllers/ProteseAvaliacaoController.php(80): CController->render('create', Array)
#14 /home/endel/www/yii/framework/web/actions/CInlineAction.php(50): ProteseAvaliacaoController->actionCreate()
#15 /home/endel/www/yii/framework/web/CController.php(309): CInlineAction->runWithParams(Array)
#16 /home/endel/www/yii/framework/web/filters/CFilterChain.php(134): CController->runAction(Object(CInlineAction))
#17 /home/endel/www/yii/framework/web/filters/CFilter.php(41): CFilterChain->run()
#18 /home/endel/www/yii/framework/web/CController.php(1146): CFilter->filter(Object(CFilterChain))
#19 /home/endel/www/yii/framework/web/filters/CInlineFilter.php(59): CController->filterAccessControl(Object(CFilterChain))
#20 /home/endel/www/yii/framework/web/filters/CFilterChain.php(131): CInlineFilter->filter(Object(CFilterChain))
#21 /home/endel/www/yii/framework/web/CController.php(292): CFilterChain->run()
#22 /home/endel/www/yii/framework/web/CController.php(266): CController->runActionWithFilters(Object(CInlineAction), Array)
#23 /home/endel/www/yii/framework/web/CWebApplication.php(283): CController->run('create')
#24 /home/endel/www/yii/framework/web/CWebApplication.php(142): CWebApplication->runController('proteseAvaliaca...')
#25 /home/endel/www/yii/framework/base/CApplication.php(162): CWebApplication->processRequest()
#26 /home/endel/www/fsa/index.php(13): CApplication->run()
#27 {main}
REQUEST_URI=/dev/fsa/index.php?r=proteseAvaliacao/create
HTTP_REFERER=http://localhost/dev/fsa/index.php?r=site/login
---
2012/10/15 19:37:42 [warning] [application] Failed to set unsafe attribute "imitanciometria" of "ProteseAvaliacao".
in /home/endel/www/fsa/protected/controllers/ProteseAvaliacaoController.php (93)
in /home/endel/www/fsa/index.php (13)
2012/10/15 19:37:42 [warning] [application] Failed to set unsafe attribute "otoscopia" of "ProteseAvaliacao".
in /home/endel/www/fsa/protected/controllers/ProteseAvaliacaoController.php (93)
in /home/endel/www/fsa/index.php (13)
2012/10/15 19:37:42 [warning] [application] Failed to set unsafe attribute "laudo_audiologico" of "ProteseAvaliacao".
in /home/endel/www/fsa/protected/controllers/ProteseAvaliacaoController.php (93)
in /home/endel/www/fsa/index.php (13)
2012/10/15 19:37:55 [warning] [application] Failed to set unsafe attribute "imitanciometria" of "ProteseAvaliacao".
in /home/endel/www/fsa/protected/controllers/ProteseAvaliacaoController.php (93)
in /home/endel/www/fsa/index.php (13)
2012/10/15 19:37:55 [warning] [application] Failed to set unsafe attribute "otoscopia" of "ProteseAvaliacao".
in /home/endel/www/fsa/protected/controllers/ProteseAvaliacaoController.php (93)
in /home/endel/www/fsa/index.php (13)
2012/10/15 19:37:55 [warning] [application] Failed to set unsafe attribute "laudo_audiologico" of "ProteseAvaliacao".
in /home/endel/www/fsa/protected/controllers/ProteseAvaliacaoController.php (93)
in /home/endel/www/fsa/index.php (13)
2012/10/15 19:40:41 [warning] [application] Failed to set unsafe attribute "imitanciometria" of "ProteseAvaliacao".
in /home/endel/www/fsa/protected/controllers/ProteseAvaliacaoController.php (93)
in /home/endel/www/fsa/index.php (13)
2012/10/15 19:40:41 [warning] [application] Failed to set unsafe attribute "otoscopia" of "ProteseAvaliacao".
in /home/endel/www/fsa/protected/controllers/ProteseAvaliacaoController.php (93)
in /home/endel/www/fsa/index.php (13)
2012/10/15 19:40:41 [warning] [application] Failed to set unsafe attribute "laudo_audiologico" of "ProteseAvaliacao".
in /home/endel/www/fsa/protected/controllers/ProteseAvaliacaoController.php (93)
in /home/endel/www/fsa/index.php (13)
2012/10/15 19:42:11 [warning] [application] Failed to set unsafe attribute "imitanciometria" of "ProteseAvaliacao".
in /home/endel/www/fsa/protected/controllers/ProteseAvaliacaoController.php (93)
in /home/endel/www/fsa/index.php (13)
2012/10/15 19:42:11 [warning] [application] Failed to set unsafe attribute "otoscopia" of "ProteseAvaliacao".
in /home/endel/www/fsa/protected/controllers/ProteseAvaliacaoController.php (93)
in /home/endel/www/fsa/index.php (13)
2012/10/15 19:42:11 [warning] [application] Failed to set unsafe attribute "laudo_audiologico" of "ProteseAvaliacao".
in /home/endel/www/fsa/protected/controllers/ProteseAvaliacaoController.php (93)
in /home/endel/www/fsa/index.php (13)
2012/10/15 19:46:14 [warning] [application] Failed to set unsafe attribute "imitanciometria" of "ProteseAvaliacao".
in /home/endel/www/fsa/protected/controllers/ProteseAvaliacaoController.php (93)
in /home/endel/www/fsa/index.php (13)
2012/10/15 19:46:14 [warning] [application] Failed to set unsafe attribute "otoscopia" of "ProteseAvaliacao".
in /home/endel/www/fsa/protected/controllers/ProteseAvaliacaoController.php (93)
in /home/endel/www/fsa/index.php (13)
2012/10/15 19:46:14 [warning] [application] Failed to set unsafe attribute "laudo_audiologico" of "ProteseAvaliacao".
in /home/endel/www/fsa/protected/controllers/ProteseAvaliacaoController.php (93)
in /home/endel/www/fsa/index.php (13)
2012/10/15 19:48:11 [warning] [application] Failed to set unsafe attribute "imitanciometria" of "ProteseAvaliacao".
in /home/endel/www/fsa/protected/controllers/ProteseAvaliacaoController.php (93)
in /home/endel/www/fsa/index.php (13)
2012/10/15 19:48:11 [warning] [application] Failed to set unsafe attribute "otoscopia" of "ProteseAvaliacao".
in /home/endel/www/fsa/protected/controllers/ProteseAvaliacaoController.php (93)
in /home/endel/www/fsa/index.php (13)
2012/10/15 19:48:11 [warning] [application] Failed to set unsafe attribute "laudo_audiologico" of "ProteseAvaliacao".
in /home/endel/www/fsa/protected/controllers/ProteseAvaliacaoController.php (93)
in /home/endel/www/fsa/index.php (13)
2012/10/15 19:48:14 [warning] [application] Failed to set unsafe attribute "imitanciometria" of "ProteseAvaliacao".
in /home/endel/www/fsa/protected/controllers/ProteseAvaliacaoController.php (93)
in /home/endel/www/fsa/index.php (13)
2012/10/15 19:48:14 [warning] [application] Failed to set unsafe attribute "otoscopia" of "ProteseAvaliacao".
in /home/endel/www/fsa/protected/controllers/ProteseAvaliacaoController.php (93)
in /home/endel/www/fsa/index.php (13)
2012/10/15 19:48:14 [warning] [application] Failed to set unsafe attribute "laudo_audiologico" of "ProteseAvaliacao".
in /home/endel/www/fsa/protected/controllers/ProteseAvaliacaoController.php (93)
in /home/endel/www/fsa/index.php (13)
2012/10/15 19:52:19 [warning] [application] Failed to set unsafe attribute "data" of "ProtesePrescricao".
in /home/endel/www/fsa/protected/controllers/ProtesePrescricaoController.php (91)
in /home/endel/www/fsa/index.php (13)
2012/10/15 19:52:19 [warning] [application] Failed to set unsafe attribute "modificacao_acustica" of "ProtesePrescricao".
in /home/endel/www/fsa/protected/controllers/ProtesePrescricaoController.php (91)
in /home/endel/www/fsa/index.php (13)
2012/10/15 19:52:19 [error] [exception.CException] exception 'CException' with message 'A propriedade "ProteseVerificacao.data" não está definida.' in /home/endel/www/yii/framework/base/CComponent.php:131
Stack trace:
#0 /home/endel/www/yii/framework/db/ar/CActiveRecord.php(144): CComponent->__get('data')
#1 /home/endel/www/fsa/protected/views/proteseVerificacao/_form.php(142): CActiveRecord->__get('data')
#2 /home/endel/www/yii/framework/web/CBaseController.php(127): require('/home/endel/www...')
#3 /home/endel/www/yii/framework/web/CBaseController.php(96): CBaseController->renderInternal('/home/endel/www...', Array, true)
#4 /home/endel/www/yii/framework/web/CController.php(870): CBaseController->renderFile('/home/endel/www...', Array, true)
#5 /home/endel/www/fsa/protected/views/proteseVerificacao/create.php(14): CController->renderPartial('_form', Array)
#6 /home/endel/www/yii/framework/web/CBaseController.php(127): require('/home/endel/www...')
#7 /home/endel/www/yii/framework/web/CBaseController.php(96): CBaseController->renderInternal('/home/endel/www...', Array, true)
#8 /home/endel/www/yii/framework/web/CController.php(870): CBaseController->renderFile('/home/endel/www...', Array, true)
#9 /home/endel/www/yii/framework/web/CController.php(783): CController->renderPartial('create', Array, true)
#10 /home/endel/www/fsa/protected/controllers/ProteseVerificacaoController.php(80): CController->render('create', Array)
#11 /home/endel/www/yii/framework/web/actions/CInlineAction.php(50): ProteseVerificacaoController->actionCreate()
#12 /home/endel/www/yii/framework/web/CController.php(309): CInlineAction->runWithParams(Array)
#13 /home/endel/www/yii/framework/web/filters/CFilterChain.php(134): CController->runAction(Object(CInlineAction))
#14 /home/endel/www/yii/framework/web/filters/CFilter.php(41): CFilterChain->run()
#15 /home/endel/www/yii/framework/web/CController.php(1146): CFilter->filter(Object(CFilterChain))
#16 /home/endel/www/yii/framework/web/filters/CInlineFilter.php(59): CController->filterAccessControl(Object(CFilterChain))
#17 /home/endel/www/yii/framework/web/filters/CFilterChain.php(131): CInlineFilter->filter(Object(CFilterChain))
#18 /home/endel/www/yii/framework/web/CController.php(292): CFilterChain->run()
#19 /home/endel/www/yii/framework/web/CController.php(266): CController->runActionWithFilters(Object(CInlineAction), Array)
#20 /home/endel/www/yii/framework/web/CWebApplication.php(283): CController->run('create')
#21 /home/endel/www/yii/framework/web/CWebApplication.php(142): CWebApplication->runController('proteseVerifica...')
#22 /home/endel/www/yii/framework/base/CApplication.php(162): CWebApplication->processRequest()
#23 /home/endel/www/fsa/index.php(13): CApplication->run()
#24 {main}
REQUEST_URI=/dev/fsa/index.php?r=proteseVerificacao/create
HTTP_REFERER=http://localhost/dev/fsa/index.php?r=protesePrescricao/create
---
2012/10/15 20:16:46 [warning] [application] Failed to set unsafe attribute "imitanciometria" of "ProteseAvaliacao".
in /home/endel/www/fsa/protected/controllers/ProteseAvaliacaoController.php (93)
in /home/endel/www/fsa/index.php (13)
2012/10/15 20:16:46 [warning] [application] Failed to set unsafe attribute "otoscopia" of "ProteseAvaliacao".
in /home/endel/www/fsa/protected/controllers/ProteseAvaliacaoController.php (93)
in /home/endel/www/fsa/index.php (13)
2012/10/15 20:16:46 [warning] [application] Failed to set unsafe attribute "laudo_audiologico" of "ProteseAvaliacao".
in /home/endel/www/fsa/protected/controllers/ProteseAvaliacaoController.php (93)
in /home/endel/www/fsa/index.php (13)
2012/10/29 10:09:30 [error] [system.db.CDbCommand] Falha ao executar CDbCommand::fetchAll(): SQLSTATE[42S02]: Base table or view not found: 1146 Table 'fcm.monitoramento' doesn't exist. A declaração SQL executada foi: SHOW COLUMNS FROM `monitoramento`.
in /home/endel/www/fsa/protected/controllers/MonitoramentoController.php (65)
in /home/endel/www/fsa/index.php (13)
2012/10/29 10:09:30 [error] [exception.CDbException] exception 'CDbException' with message 'A tabela "monitoramento" da classe de active record "Monitoramento", não pôde ser encontrada no banco de dados.' in /home/endel/www/yii/framework/db/ar/CActiveRecord.php:2312
Stack trace:
#0 /home/endel/www/yii/framework/db/ar/CActiveRecord.php(388): CActiveRecordMetaData->__construct(Object(Monitoramento))
#1 /home/endel/www/yii/framework/db/ar/CActiveRecord.php(403): CActiveRecord::model('Monitoramento')
#2 /home/endel/www/yii/framework/db/ar/CActiveRecord.php(78): CActiveRecord->getMetaData()
#3 /home/endel/www/fsa/protected/controllers/MonitoramentoController.php(65): CActiveRecord->__construct()
#4 /home/endel/www/yii/framework/web/actions/CInlineAction.php(50): MonitoramentoController->actionCreate()
#5 /home/endel/www/yii/framework/web/CController.php(309): CInlineAction->runWithParams(Array)
#6 /home/endel/www/yii/framework/web/filters/CFilterChain.php(134): CController->runAction(Object(CInlineAction))
#7 /home/endel/www/yii/framework/web/filters/CFilter.php(41): CFilterChain->run()
#8 /home/endel/www/yii/framework/web/CController.php(1146): CFilter->filter(Object(CFilterChain))
#9 /home/endel/www/yii/framework/web/filters/CInlineFilter.php(59): CController->filterAccessControl(Object(CFilterChain))
#10 /home/endel/www/yii/framework/web/filters/CFilterChain.php(131): CInlineFilter->filter(Object(CFilterChain))
#11 /home/endel/www/yii/framework/web/CController.php(292): CFilterChain->run()
#12 /home/endel/www/yii/framework/web/CController.php(266): CController->runActionWithFilters(Object(CInlineAction), Array)
#13 /home/endel/www/yii/framework/web/CWebApplication.php(283): CController->run('create')
#14 /home/endel/www/yii/framework/web/CWebApplication.php(142): CWebApplication->runController('monitoramento/c...')
#15 /home/endel/www/yii/framework/base/CApplication.php(162): CWebApplication->processRequest()
#16 /home/endel/www/fsa/index.php(13): CApplication->run()
#17 {main}
REQUEST_URI=/dev/fsa/index.php?r=monitoramento/create
HTTP_REFERER=http://localhost/dev/fsa/index.php?r=site/login
---
2012/10/29 10:21:37 [warning] [application] Failed to set unsafe attribute "observacao" of "Monitoramento".
in /home/endel/www/fsa/protected/controllers/MonitoramentoController.php (72)
in /home/endel/www/fsa/index.php (13)
2012/10/29 10:21:37 [warning] [application] Failed to set unsafe attribute "desenvolvimento_motor" of "Monitoramento".
in /home/endel/www/fsa/protected/controllers/MonitoramentoController.php (72)
in /home/endel/www/fsa/index.php (13)
2012/10/29 10:21:37 [warning] [application] Failed to set unsafe attribute "desenvolvimento_auditivo" of "Monitoramento".
in /home/endel/www/fsa/protected/controllers/MonitoramentoController.php (72)
in /home/endel/www/fsa/index.php (13)
2012/10/29 10:21:37 [warning] [application] Failed to set unsafe attribute "desenvolvimento_linguagem" of "Monitoramento".
in /home/endel/www/fsa/protected/controllers/MonitoramentoController.php (72)
in /home/endel/www/fsa/index.php (13)
2012/10/29 10:23:00 [warning] [application] Failed to set unsafe attribute "observacao" of "Monitoramento".
in /home/endel/www/fsa/protected/controllers/MonitoramentoController.php (72)
in /home/endel/www/fsa/index.php (13)
2012/10/29 10:23:00 [warning] [application] Failed to set unsafe attribute "desenvolvimento_motor" of "Monitoramento".
in /home/endel/www/fsa/protected/controllers/MonitoramentoController.php (72)
in /home/endel/www/fsa/index.php (13)
2012/10/29 10:23:00 [warning] [application] Failed to set unsafe attribute "desenvolvimento_auditivo" of "Monitoramento".
in /home/endel/www/fsa/protected/controllers/MonitoramentoController.php (72)
in /home/endel/www/fsa/index.php (13)
2012/10/29 10:23:00 [warning] [application] Failed to set unsafe attribute "desenvolvimento_linguagem" of "Monitoramento".
in /home/endel/www/fsa/protected/controllers/MonitoramentoController.php (72)
in /home/endel/www/fsa/index.php (13)
2012/10/31 20:23:18 [warning] [application] Failed to set unsafe attribute "imitanciometria" of "ProteseAvaliacao".
in /home/endel/www/fsa/protected/controllers/ProteseAvaliacaoController.php (72)
in /home/endel/www/fsa/index.php (13)
2012/10/31 20:23:18 [warning] [application] Failed to set unsafe attribute "otoscopia" of "ProteseAvaliacao".
in /home/endel/www/fsa/protected/controllers/ProteseAvaliacaoController.php (72)
in /home/endel/www/fsa/index.php (13)
2012/10/31 20:23:18 [warning] [application] Failed to set unsafe attribute "laudo_audiologico" of "ProteseAvaliacao".
in /home/endel/www/fsa/protected/controllers/ProteseAvaliacaoController.php (72)
in /home/endel/www/fsa/index.php (13)
2012/10/31 20:23:35 [warning] [application] Failed to set unsafe attribute "imitanciometria" of "ProteseAvaliacao".
in /home/endel/www/fsa/protected/controllers/ProteseAvaliacaoController.php (93)
in /home/endel/www/fsa/index.php (13)
2012/10/31 20:23:35 [warning] [application] Failed to set unsafe attribute "otoscopia" of "ProteseAvaliacao".
in /home/endel/www/fsa/protected/controllers/ProteseAvaliacaoController.php (93)
in /home/endel/www/fsa/index.php (13)
2012/10/31 20:23:35 [warning] [application] Failed to set unsafe attribute "laudo_audiologico" of "ProteseAvaliacao".
in /home/endel/www/fsa/protected/controllers/ProteseAvaliacaoController.php (93)
in /home/endel/www/fsa/index.php (13)
2012/10/31 20:23:54 [warning] [application] Failed to set unsafe attribute "data" of "ProtesePrescricao".
in /home/endel/www/fsa/protected/controllers/ProtesePrescricaoController.php (91)
in /home/endel/www/fsa/index.php (13)
2012/10/31 20:23:54 [warning] [application] Failed to set unsafe attribute "modificacao_acustica" of "ProtesePrescricao".
in /home/endel/www/fsa/protected/controllers/ProtesePrescricaoController.php (91)
in /home/endel/www/fsa/index.php (13)
2012/10/31 20:24:04 [error] [exception.CHttpException.404] exception 'CHttpException' with message 'Não foi possível resolver a requisição "proteseVerificação/createProximoForm".' in /home/endel/www/yii/framework/web/CWebApplication.php:287
Stack trace:
#0 /home/endel/www/yii/framework/web/CWebApplication.php(142): CWebApplication->runController('proteseVerifica...')
#1 /home/endel/www/yii/framework/base/CApplication.php(162): CWebApplication->processRequest()
#2 /home/endel/www/fsa/index.php(13): CApplication->run()
#3 {main}
REQUEST_URI=/dev/fsa/index.php?r=proteseVerifica%C3%A7%C3%A3o/createProximoForm
HTTP_REFERER=http://localhost/dev/fsa/index.php?r=proteseVerificacao/create
---
2012/10/31 20:24:26 [error] [exception.CHttpException.404] exception 'CHttpException' with message 'Não foi possível resolver a requisição "proteseVerificação/createProximoForm".' in /home/endel/www/yii/framework/web/CWebApplication.php:287
Stack trace:
#0 /home/endel/www/yii/framework/web/CWebApplication.php(142): CWebApplication->runController('proteseVerifica...')
#1 /home/endel/www/yii/framework/base/CApplication.php(162): CWebApplication->processRequest()
#2 /home/endel/www/fsa/index.php(13): CApplication->run()
#3 {main}
REQUEST_URI=/dev/fsa/index.php?r=proteseVerifica%C3%A7%C3%A3o/createProximoForm
HTTP_REFERER=http://localhost/dev/fsa/index.php?r=proteseVerificacao/create
---
2012/10/31 20:24:39 [error] [exception.CHttpException.404] exception 'CHttpException' with message 'Não foi possível resolver a requisição "proteseVerificação/createProximoForm".' in /home/endel/www/yii/framework/web/CWebApplication.php:287
Stack trace:
#0 /home/endel/www/yii/framework/web/CWebApplication.php(142): CWebApplication->runController('proteseVerifica...')
#1 /home/endel/www/yii/framework/base/CApplication.php(162): CWebApplication->processRequest()
#2 /home/endel/www/fsa/index.php(13): CApplication->run()
#3 {main}
REQUEST_URI=/dev/fsa/index.php?r=proteseVerifica%C3%A7%C3%A3o/createProximoForm
HTTP_REFERER=http://localhost/dev/fsa/index.php?r=proteseVerificacao/create
---
2012/10/31 20:29:51 [warning] [application] Failed to set unsafe attribute "data" of "ProtesePrescricao".
in /home/endel/www/fsa/protected/controllers/ProtesePrescricaoController.php (91)
in /home/endel/www/fsa/index.php (13)
2012/10/31 20:29:51 [warning] [application] Failed to set unsafe attribute "modificacao_acustica" of "ProtesePrescricao".
in /home/endel/www/fsa/protected/controllers/ProtesePrescricaoController.php (91)
in /home/endel/www/fsa/index.php (13)
2012/10/31 20:31:13 [error] [exception.CHttpException.404] exception 'CHttpException' with message 'Não foi possível resolver a requisição "proteseVerificação/createProximoForm".' in /home/endel/www/yii/framework/web/CWebApplication.php:287
Stack trace:
#0 /home/endel/www/yii/framework/web/CWebApplication.php(142): CWebApplication->runController('proteseVerifica...')
#1 /home/endel/www/yii/framework/base/CApplication.php(162): CWebApplication->processRequest()
#2 /home/endel/www/fsa/index.php(13): CApplication->run()
#3 {main}
REQUEST_URI=/dev/fsa/index.php?r=proteseVerifica%C3%A7%C3%A3o/createProximoForm
HTTP_REFERER=http://localhost/dev/fsa/index.php?r=proteseVerificacao/create
---
2012/10/31 20:33:31 [error] [exception.CHttpException.404] exception 'CHttpException' with message 'Não foi possível resolver a requisição "proteseVerificação/createProximoForm".' in /home/endel/www/yii/framework/web/CWebApplication.php:287
Stack trace:
#0 /home/endel/www/yii/framework/web/CWebApplication.php(142): CWebApplication->runController('proteseVerifica...')
#1 /home/endel/www/yii/framework/base/CApplication.php(162): CWebApplication->processRequest()
#2 /home/endel/www/fsa/index.php(13): CApplication->run()
#3 {main}
REQUEST_URI=/dev/fsa/index.php?r=proteseVerifica%C3%A7%C3%A3o/createProximoForm
HTTP_REFERER=http://localhost/dev/fsa/index.php?r=proteseVerificacao/create
---
2012/10/31 20:42:05 [warning] [application] Failed to set unsafe attribute "data" of "ProteseVerificacao".
in /home/endel/www/fsa/protected/controllers/ProteseVerificacaoController.php (91)
in /home/endel/www/fsa/index.php (13)
2012/10/31 20:42:15 [warning] [application] Failed to set unsafe attribute "data" of "ProteseVerificacao".
in /home/endel/www/fsa/protected/controllers/ProteseVerificacaoController.php (91)
in /home/endel/www/fsa/index.php (13)
2012/10/31 20:42:27 [warning] [application] Failed to set unsafe attribute "data" of "ProteseValidacao".
in /home/endel/www/fsa/protected/controllers/ProteseValidacaoController.php (92)
in /home/endel/www/fsa/index.php (13)
2012/10/31 20:42:27 [warning] [application] Failed to set unsafe attribute "estagio_desenvolvimento" of "ProteseValidacao".
in /home/endel/www/fsa/protected/controllers/ProteseValidacaoController.php (92)
in /home/endel/www/fsa/index.php (13)
2012/10/31 20:48:19 [warning] [application] Failed to set unsafe attribute "data" of "ProteseVerificacao".
in /home/endel/www/fsa/protected/controllers/ProteseVerificacaoController.php (91)
in /home/endel/www/fsa/index.php (13)
2012/10/31 20:48:19 [error] [exception.CHttpException.404] exception 'CHttpException' with message 'O sistema não foi capaz de encontrar a ação "create?pid=26" solicitada.' in /home/endel/www/yii/framework/web/CController.php:484
Stack trace:
#0 /home/endel/www/yii/framework/web/CController.php(271): CController->missingAction('create?pid=26')
#1 /home/endel/www/yii/framework/web/CWebApplication.php(283): CController->run('create?pid=26')
#2 /home/endel/www/yii/framework/web/CWebApplication.php(142): CWebApplication->runController('proteseValidaca...')
#3 /home/endel/www/yii/framework/base/CApplication.php(162): CWebApplication->processRequest()
#4 /home/endel/www/fsa/index.php(13): CApplication->run()
#5 {main}
REQUEST_URI=/dev/fsa/index.php?r=proteseValidacao/create?pid=26
HTTP_REFERER=http://localhost/dev/fsa/index.php?r=proteseVerificacao/create
---
2012/10/31 20:51:10 [error] [exception.CHttpException.404] exception 'CHttpException' with message 'O sistema não foi capaz de encontrar a ação "create?pid=26" solicitada.' in /home/endel/www/yii/framework/web/CController.php:484
Stack trace:
#0 /home/endel/www/yii/framework/web/CController.php(271): CController->missingAction('create?pid=26')
#1 /home/endel/www/yii/framework/web/CWebApplication.php(283): CController->run('create?pid=26')
#2 /home/endel/www/yii/framework/web/CWebApplication.php(142): CWebApplication->runController('proteseValidaca...')
#3 /home/endel/www/yii/framework/base/CApplication.php(162): CWebApplication->processRequest()
#4 /home/endel/www/fsa/index.php(13): CApplication->run()
#5 {main}
REQUEST_URI=/dev/fsa/index.php?r=proteseValidacao/create?pid=26
HTTP_REFERER=http://localhost/dev/fsa/index.php?r=proteseVerificacao/create
---
2012/10/31 20:51:13 [warning] [application] Failed to set unsafe attribute "data" of "ProteseVerificacao".
in /home/endel/www/fsa/protected/controllers/ProteseVerificacaoController.php (91)
in /home/endel/www/fsa/index.php (13)
2012/10/31 21:08:12 [warning] [application] Failed to set unsafe attribute "data" of "ProteseVerificacao".
in /home/endel/www/fsa/protected/controllers/ProteseVerificacaoController.php (91)
in /home/endel/www/fsa/index.php (13)
2012/10/31 22:03:47 [warning] [application] Failed to set unsafe attribute "observacao" of "Monitoramento".
in /home/endel/www/fsa/protected/controllers/MonitoramentoController.php (72)
in /home/endel/www/fsa/index.php (13)
2012/10/31 22:03:47 [warning] [application] Failed to set unsafe attribute "desenvolvimento_motor" of "Monitoramento".
in /home/endel/www/fsa/protected/controllers/MonitoramentoController.php (72)
in /home/endel/www/fsa/index.php (13)
2012/10/31 22:03:47 [warning] [application] Failed to set unsafe attribute "desenvolvimento_auditivo" of "Monitoramento".
in /home/endel/www/fsa/protected/controllers/MonitoramentoController.php (72)
in /home/endel/www/fsa/index.php (13)
2012/10/31 22:03:47 [warning] [application] Failed to set unsafe attribute "desenvolvimento_linguagem" of "Monitoramento".
in /home/endel/www/fsa/protected/controllers/MonitoramentoController.php (72)
in /home/endel/www/fsa/index.php (13)
2012/10/31 22:03:59 [warning] [application] Failed to set unsafe attribute "observacao" of "Monitoramento".
in /home/endel/www/fsa/protected/controllers/MonitoramentoController.php (72)
in /home/endel/www/fsa/index.php (13)
2012/10/31 22:03:59 [warning] [application] Failed to set unsafe attribute "desenvolvimento_motor" of "Monitoramento".
in /home/endel/www/fsa/protected/controllers/MonitoramentoController.php (72)
in /home/endel/www/fsa/index.php (13)
2012/10/31 22:03:59 [warning] [application] Failed to set unsafe attribute "desenvolvimento_auditivo" of "Monitoramento".
in /home/endel/www/fsa/protected/controllers/MonitoramentoController.php (72)
in /home/endel/www/fsa/index.php (13)
2012/10/31 22:03:59 [warning] [application] Failed to set unsafe attribute "desenvolvimento_linguagem" of "Monitoramento".
in /home/endel/www/fsa/protected/controllers/MonitoramentoController.php (72)
in /home/endel/www/fsa/index.php (13)
2012/10/31 22:04:13 [error] [system.db.CDbCommand] Falha ao executar CDbCommand::fetchAll(): SQLSTATE[42S02]: Base table or view not found: 1146 Table 'fcm.diagnostico' doesn't exist. A declaração SQL executada foi: SHOW COLUMNS FROM `diagnostico`.
in /home/endel/www/fsa/protected/controllers/DiagnosticoController.php (65)
in /home/endel/www/fsa/index.php (13)
2012/10/31 22:04:13 [error] [exception.CDbException] exception 'CDbException' with message 'A tabela "diagnostico" da classe de active record "Diagnostico", não pôde ser encontrada no banco de dados.' in /home/endel/www/yii/framework/db/ar/CActiveRecord.php:2312
Stack trace:
#0 /home/endel/www/yii/framework/db/ar/CActiveRecord.php(388): CActiveRecordMetaData->__construct(Object(Diagnostico))
#1 /home/endel/www/yii/framework/db/ar/CActiveRecord.php(403): CActiveRecord::model('Diagnostico')
#2 /home/endel/www/yii/framework/db/ar/CActiveRecord.php(78): CActiveRecord->getMetaData()
#3 /home/endel/www/fsa/protected/controllers/DiagnosticoController.php(65): CActiveRecord->__construct()
#4 /home/endel/www/yii/framework/web/actions/CInlineAction.php(50): DiagnosticoController->actionCreate()
#5 /home/endel/www/yii/framework/web/CController.php(309): CInlineAction->runWithParams(Array)
#6 /home/endel/www/yii/framework/web/filters/CFilterChain.php(134): CController->runAction(Object(CInlineAction))
#7 /home/endel/www/yii/framework/web/filters/CFilter.php(41): CFilterChain->run()
#8 /home/endel/www/yii/framework/web/CController.php(1146): CFilter->filter(Object(CFilterChain))
#9 /home/endel/www/yii/framework/web/filters/CInlineFilter.php(59): CController->filterAccessControl(Object(CFilterChain))
#10 /home/endel/www/yii/framework/web/filters/CFilterChain.php(131): CInlineFilter->filter(Object(CFilterChain))
#11 /home/endel/www/yii/framework/web/CController.php(292): CFilterChain->run()
#12 /home/endel/www/yii/framework/web/CController.php(266): CController->runActionWithFilters(Object(CInlineAction), Array)
#13 /home/endel/www/yii/framework/web/CWebApplication.php(283): CController->run('create')
#14 /home/endel/www/yii/framework/web/CWebApplication.php(142): CWebApplication->runController('diagnostico/cre...')
#15 /home/endel/www/yii/framework/base/CApplication.php(162): CWebApplication->processRequest()
#16 /home/endel/www/fsa/index.php(13): CApplication->run()
#17 {main}
REQUEST_URI=/dev/fsa/index.php?r=diagnostico/create
HTTP_REFERER=http://localhost/dev/fsa/index.php?r=monitoramento/admin
---
2012/10/31 22:16:28 [warning] [application] Failed to set unsafe attribute "motivo" of "Diagnostico".
in /home/endel/www/fsa/protected/controllers/DiagnosticoController.php (72)
in /home/endel/www/fsa/index.php (13)
2012/10/31 22:16:28 [warning] [application] Failed to set unsafe attribute "conclusao_limiar_eletrofisiologico" of "Diagnostico".
in /home/endel/www/fsa/protected/controllers/DiagnosticoController.php (72)
in /home/endel/www/fsa/index.php (13)
2012/10/31 22:16:28 [warning] [application] Failed to set unsafe attribute "conclusao_reflexo" of "Diagnostico".
in /home/endel/www/fsa/protected/controllers/DiagnosticoController.php (72)
in /home/endel/www/fsa/index.php (13)
2012/10/31 22:16:28 [warning] [application] Failed to set unsafe attribute "conduta_reflexo" of "Diagnostico".
in /home/endel/www/fsa/protected/controllers/DiagnosticoController.php (72)
in /home/endel/www/fsa/index.php (13)
2012/11/08 22:06:49 [error] [system.db.CDbCommand] Falha ao executar CDbCommand::fetchAll(): SQLSTATE[42S02]: Base table or view not found: 1146 Table 'fcm.orl' doesn't exist. A declaração SQL executada foi: SHOW COLUMNS FROM `orl`.
in /home/endel/www/fsa/protected/controllers/OrlController.php (65)
in /home/endel/www/fsa/index.php (13)
2012/11/08 22:06:49 [error] [exception.CDbException] exception 'CDbException' with message 'A tabela "orl" da classe de active record "Orl", não pôde ser encontrada no banco de dados.' in /home/endel/www/yii/framework/db/ar/CActiveRecord.php:2312
Stack trace:
#0 /home/endel/www/yii/framework/db/ar/CActiveRecord.php(388): CActiveRecordMetaData->__construct(Object(Orl))
#1 /home/endel/www/yii/framework/db/ar/CActiveRecord.php(403): CActiveRecord::model('Orl')
#2 /home/endel/www/yii/framework/db/ar/CActiveRecord.php(78): CActiveRecord->getMetaData()
#3 /home/endel/www/fsa/protected/controllers/OrlController.php(65): CActiveRecord->__construct()
#4 /home/endel/www/yii/framework/web/actions/CInlineAction.php(50): OrlController->actionCreate()
#5 /home/endel/www/yii/framework/web/CController.php(309): CInlineAction->runWithParams(Array)
#6 /home/endel/www/yii/framework/web/filters/CFilterChain.php(134): CController->runAction(Object(CInlineAction))
#7 /home/endel/www/yii/framework/web/filters/CFilter.php(41): CFilterChain->run()
#8 /home/endel/www/yii/framework/web/CController.php(1146): CFilter->filter(Object(CFilterChain))
#9 /home/endel/www/yii/framework/web/filters/CInlineFilter.php(59): CController->filterAccessControl(Object(CFilterChain))
#10 /home/endel/www/yii/framework/web/filters/CFilterChain.php(131): CInlineFilter->filter(Object(CFilterChain))
#11 /home/endel/www/yii/framework/web/CController.php(292): CFilterChain->run()
#12 /home/endel/www/yii/framework/web/CController.php(266): CController->runActionWithFilters(Object(CInlineAction), Array)
#13 /home/endel/www/yii/framework/web/CWebApplication.php(283): CController->run('create')
#14 /home/endel/www/yii/framework/web/CWebApplication.php(142): CWebApplication->runController('orl/create')
#15 /home/endel/www/yii/framework/base/CApplication.php(162): CWebApplication->processRequest()
#16 /home/endel/www/fsa/index.php(13): CApplication->run()
#17 {main}
REQUEST_URI=/dev/fsa/index.php?r=orl/create
HTTP_REFERER=http://localhost/dev/fsa/index.php?r=site/login
---
2012/11/08 22:16:24 [warning] [application] Failed to set unsafe attribute "motivo" of "Diagnostico".
in /home/endel/www/fsa/protected/controllers/DiagnosticoController.php (72)
in /home/endel/www/fsa/index.php (13)
2012/11/08 22:16:24 [warning] [application] Failed to set unsafe attribute "conclusao_limiar_eletrofisiologico" of "Diagnostico".
in /home/endel/www/fsa/protected/controllers/DiagnosticoController.php (72)
in /home/endel/www/fsa/index.php (13)
2012/11/08 22:16:24 [warning] [application] Failed to set unsafe attribute "conclusao_reflexo" of "Diagnostico".
in /home/endel/www/fsa/protected/controllers/DiagnosticoController.php (72)
in /home/endel/www/fsa/index.php (13)
2012/11/08 22:16:24 [warning] [application] Failed to set unsafe attribute "conduta_reflexo" of "Diagnostico".
in /home/endel/www/fsa/protected/controllers/DiagnosticoController.php (72)
in /home/endel/www/fsa/index.php (13)
2012/11/08 22:55:25 [warning] [application] Failed to set unsafe attribute "motivo" of "Diagnostico".
in /home/endel/www/fsa/protected/controllers/DiagnosticoController.php (72)
in /home/endel/www/fsa/index.php (13)
2012/11/08 22:55:25 [warning] [application] Failed to set unsafe attribute "conclusao_limiar_eletrofisiologico" of "Diagnostico".
in /home/endel/www/fsa/protected/controllers/DiagnosticoController.php (72)
in /home/endel/www/fsa/index.php (13)
2012/11/08 22:55:25 [warning] [application] Failed to set unsafe attribute "conclusao_reflexo" of "Diagnostico".
in /home/endel/www/fsa/protected/controllers/DiagnosticoController.php (72)
in /home/endel/www/fsa/index.php (13)
2012/11/08 22:55:25 [warning] [application] Failed to set unsafe attribute "conduta_reflexo" of "Diagnostico".
in /home/endel/www/fsa/protected/controllers/DiagnosticoController.php (72)
in /home/endel/www/fsa/index.php (13)
2012/11/19 12:53:49 [error] [system.db.CDbCommand] Falha ao executar CDbCommand::fetchAll(): SQLSTATE[42S02]: Base table or view not found: 1146 Table 'fcm.user' doesn't exist. A declaração SQL executada foi: SHOW COLUMNS FROM `user`.
in /home/endel/www/fsa/protected/models/User.php (23)
in /home/endel/www/fsa/protected/components/UserIdentity.php (15)
in /home/endel/www/fsa/protected/models/LoginForm.php (54)
2012/11/19 12:53:49 [error] [exception.CDbException] exception 'CDbException' with message 'A tabela "user" da classe de active record "User", não pôde ser encontrada no banco de dados.' in /home/endel/www/yii/framework/db/ar/CActiveRecord.php:2312
Stack trace:
#0 /home/endel/www/yii/framework/db/ar/CActiveRecord.php(388): CActiveRecordMetaData->__construct(Object(User))
#1 /home/endel/www/fsa/protected/models/User.php(23): CActiveRecord::model('User')
#2 /home/endel/www/fsa/protected/components/UserIdentity.php(15): User::model()
#3 /home/endel/www/fsa/protected/models/LoginForm.php(54): UserIdentity->authenticate()
#4 /home/endel/www/yii/framework/validators/CInlineValidator.php(43): LoginForm->authenticate('password', Array)
#5 /home/endel/www/yii/framework/validators/CValidator.php(214): CInlineValidator->validateAttribute(Object(LoginForm), 'password')
#6 /home/endel/www/yii/framework/base/CModel.php(158): CValidator->validate(Object(LoginForm), NULL)
#7 /home/endel/www/fsa/protected/controllers/SiteController.php(103): CModel->validate()
#8 /home/endel/www/yii/framework/web/actions/CInlineAction.php(50): SiteController->actionLogin()
#9 /home/endel/www/yii/framework/web/CController.php(309): CInlineAction->runWithParams(Array)
#10 /home/endel/www/yii/framework/web/CController.php(287): CController->runAction(Object(CInlineAction))
#11 /home/endel/www/yii/framework/web/CController.php(266): CController->runActionWithFilters(Object(CInlineAction), Array)
#12 /home/endel/www/yii/framework/web/CWebApplication.php(283): CController->run('login')
#13 /home/endel/www/yii/framework/web/CWebApplication.php(142): CWebApplication->runController('site/login')
#14 /home/endel/www/yii/framework/base/CApplication.php(162): CWebApplication->processRequest()
#15 /home/endel/www/fsa/index.php(13): CApplication->run()
#16 {main}
REQUEST_URI=/dev/fsa/index.php?r=site/login
HTTP_REFERER=http://localhost/dev/fsa/index.php?r=site/login
---
2012/11/19 12:58:20 [error] [exception.CHttpException.403] exception 'CHttpException' with message 'Você não está autorizado a realizar essa operação.' in /home/endel/www/yii/framework/web/auth/CAccessControlFilter.php:170
Stack trace:
#0 /home/endel/www/yii/framework/web/auth/CAccessControlFilter.php(133): CAccessControlFilter->accessDenied(Object(WebUser), 'Voc?? n??o est?...')
#1 /home/endel/www/yii/framework/web/filters/CFilter.php(39): CAccessControlFilter->preFilter(Object(CFilterChain))
#2 /home/endel/www/yii/framework/web/CController.php(1146): CFilter->filter(Object(CFilterChain))
#3 /home/endel/www/yii/framework/web/filters/CInlineFilter.php(59): CController->filterAccessControl(Object(CFilterChain))
#4 /home/endel/www/yii/framework/web/filters/CFilterChain.php(131): CInlineFilter->filter(Object(CFilterChain))
#5 /home/endel/www/yii/framework/web/CController.php(292): CFilterChain->run()
#6 /home/endel/www/yii/framework/web/CController.php(266): CController->runActionWithFilters(Object(CInlineAction), Array)
#7 /home/endel/www/yii/framework/web/CWebApplication.php(283): CController->run('create')
#8 /home/endel/www/yii/framework/web/CWebApplication.php(142): CWebApplication->runController('monitoramento/c...')
#9 /home/endel/www/yii/framework/base/CApplication.php(162): CWebApplication->processRequest()
#10 /home/endel/www/fsa/index.php(13): CApplication->run()
#11 {main}
REQUEST_URI=/dev/fsa/index.php?r=monitoramento/create
HTTP_REFERER=http://localhost/dev/fsa/index.php?r=paciente/view&id=1
---
2012/11/19 13:18:52 [error] [system.db.CDbCommand] Falha ao executar CDbCommand::execute(): SQLSTATE[23000]: Integrity constraint violation: 1452 Cannot add or update a child row: a foreign key constraint fails (`fcm`.`triagem`, CONSTRAINT `triagem_ibfk_1` FOREIGN KEY (`paciente_r`) REFERENCES `paciente` (`id`)). A declaração SQL executada foi: INSERT INTO `triagem` (`last_update`, `paciente_r`) VALUES (NOW(), :yp0).
in /home/endel/www/fsa/protected/controllers/AgendaTriagemController.php (81)
in /home/endel/www/fsa/index.php (13)
2012/11/19 13:18:52 [error] [exception.CDbException] exception 'CDbException' with message 'CDbCommand falhou ao executar o comando SQL: SQLSTATE[23000]: Integrity constraint violation: 1452 Cannot add or update a child row: a foreign key constraint fails (`fcm`.`triagem`, CONSTRAINT `triagem_ibfk_1` FOREIGN KEY (`paciente_r`) REFERENCES `paciente` (`id`)). The SQL statement executed was: INSERT INTO `triagem` (`last_update`, `paciente_r`) VALUES (NOW(), :yp0)' in /home/endel/www/yii/framework/db/CDbCommand.php:354
Stack trace:
#0 /home/endel/www/yii/framework/db/ar/CActiveRecord.php(1017): CDbCommand->execute()
#1 /home/endel/www/fsa/protected/controllers/AgendaTriagemController.php(81): CActiveRecord->insert()
#2 /home/endel/www/yii/framework/web/actions/CInlineAction.php(50): AgendaTriagemController->actionCreate()
#3 /home/endel/www/yii/framework/web/CController.php(309): CInlineAction->runWithParams(Array)
#4 /home/endel/www/yii/framework/web/filters/CFilterChain.php(134): CController->runAction(Object(CInlineAction))
#5 /home/endel/www/yii/framework/web/filters/CFilter.php(41): CFilterChain->run()
#6 /home/endel/www/yii/framework/web/CController.php(1146): CFilter->filter(Object(CFilterChain))
#7 /home/endel/www/yii/framework/web/filters/CInlineFilter.php(59): CController->filterAccessControl(Object(CFilterChain))
#8 /home/endel/www/yii/framework/web/filters/CFilterChain.php(131): CInlineFilter->filter(Object(CFilterChain))
#9 /home/endel/www/yii/framework/web/CController.php(292): CFilterChain->run()
#10 /home/endel/www/yii/framework/web/CController.php(266): CController->runActionWithFilters(Object(CInlineAction), Array)
#11 /home/endel/www/yii/framework/web/CWebApplication.php(283): CController->run('create')
#12 /home/endel/www/yii/framework/web/CWebApplication.php(142): CWebApplication->runController('agendaTriagem/c...')
#13 /home/endel/www/yii/framework/base/CApplication.php(162): CWebApplication->processRequest()
#14 /home/endel/www/fsa/index.php(13): CApplication->run()
#15 {main}
REQUEST_URI=/dev/fsa/index.php?r=agendaTriagem/create&msg=ok
HTTP_REFERER=http://localhost/dev/fsa/index.php?r=agendaTriagem/create&msg=ok
---
2012/11/19 13:23:15 [error] [system.db.CDbCommand] Falha ao executar CDbCommand::execute(): SQLSTATE[23000]: Integrity constraint violation: 1452 Cannot add or update a child row: a foreign key constraint fails (`fcm`.`triagem`, CONSTRAINT `triagem_ibfk_1` FOREIGN KEY (`paciente_r`) REFERENCES `paciente` (`id`)). A declaração SQL executada foi: INSERT INTO `triagem` (`last_update`, `paciente_r`) VALUES (NOW(), :yp0).
in /home/endel/www/fsa/protected/controllers/AgendaTriagemController.php (81)
in /home/endel/www/fsa/index.php (13)
2012/11/19 13:23:15 [error] [exception.CDbException] exception 'CDbException' with message 'CDbCommand falhou ao executar o comando SQL: SQLSTATE[23000]: Integrity constraint violation: 1452 Cannot add or update a child row: a foreign key constraint fails (`fcm`.`triagem`, CONSTRAINT `triagem_ibfk_1` FOREIGN KEY (`paciente_r`) REFERENCES `paciente` (`id`)). The SQL statement executed was: INSERT INTO `triagem` (`last_update`, `paciente_r`) VALUES (NOW(), :yp0)' in /home/endel/www/yii/framework/db/CDbCommand.php:354
Stack trace:
#0 /home/endel/www/yii/framework/db/ar/CActiveRecord.php(1017): CDbCommand->execute()
#1 /home/endel/www/fsa/protected/controllers/AgendaTriagemController.php(81): CActiveRecord->insert()
#2 /home/endel/www/yii/framework/web/actions/CInlineAction.php(50): AgendaTriagemController->actionCreate()
#3 /home/endel/www/yii/framework/web/CController.php(309): CInlineAction->runWithParams(Array)
#4 /home/endel/www/yii/framework/web/filters/CFilterChain.php(134): CController->runAction(Object(CInlineAction))
#5 /home/endel/www/yii/framework/web/filters/CFilter.php(41): CFilterChain->run()
#6 /home/endel/www/yii/framework/web/CController.php(1146): CFilter->filter(Object(CFilterChain))
#7 /home/endel/www/yii/framework/web/filters/CInlineFilter.php(59): CController->filterAccessControl(Object(CFilterChain))
#8 /home/endel/www/yii/framework/web/filters/CFilterChain.php(131): CInlineFilter->filter(Object(CFilterChain))
#9 /home/endel/www/yii/framework/web/CController.php(292): CFilterChain->run()
#10 /home/endel/www/yii/framework/web/CController.php(266): CController->runActionWithFilters(Object(CInlineAction), Array)
#11 /home/endel/www/yii/framework/web/CWebApplication.php(283): CController->run('create')
#12 /home/endel/www/yii/framework/web/CWebApplication.php(142): CWebApplication->runController('agendaTriagem/c...')
#13 /home/endel/www/yii/framework/base/CApplication.php(162): CWebApplication->processRequest()
#14 /home/endel/www/fsa/index.php(13): CApplication->run()
#15 {main}
REQUEST_URI=/dev/fsa/index.php?r=agendaTriagem/create&msg=ok
HTTP_REFERER=http://localhost/dev/fsa/index.php?r=agendaTriagem/create&msg=ok
---
2012/11/19 13:29:55 [error] [php] Undefined variable: modelRef (/home/endel/www/fsa/protected/controllers/AgendaProteseController.php:81)
Stack trace:
#0 /home/endel/www/yii/framework/web/filters/CFilterChain.php(134): AgendaProteseController->runAction()
#1 /home/endel/www/yii/framework/web/filters/CFilter.php(41): CFilterChain->run()
#2 /home/endel/www/yii/framework/web/CController.php(1146): CAccessControlFilter->filter()
#3 /home/endel/www/yii/framework/web/filters/CInlineFilter.php(59): AgendaProteseController->filterAccessControl()
#4 /home/endel/www/yii/framework/web/filters/CFilterChain.php(131): CInlineFilter->filter()
#5 /home/endel/www/yii/framework/web/CController.php(292): CFilterChain->run()
#6 /home/endel/www/yii/framework/web/CController.php(266): AgendaProteseController->runActionWithFilters()
#7 /home/endel/www/yii/framework/web/CWebApplication.php(283): AgendaProteseController->run()
#8 /home/endel/www/yii/framework/web/CWebApplication.php(142): CWebApplication->runController()
#9 /home/endel/www/yii/framework/base/CApplication.php(162): CWebApplication->processRequest()
#10 /home/endel/www/fsa/index.php(13): CWebApplication->run()
REQUEST_URI=/dev/fsa/index.php?r=agendaProtese/create
in /home/endel/www/fsa/protected/controllers/AgendaProteseController.php (81)
in /home/endel/www/fsa/index.php (13)
2012/11/19 13:32:12 [error] [php] Undefined variable: modelRef (/home/endel/www/fsa/protected/controllers/AgendaProteseController.php:81)
Stack trace:
#0 /home/endel/www/yii/framework/web/filters/CFilterChain.php(134): AgendaProteseController->runAction()
#1 /home/endel/www/yii/framework/web/filters/CFilter.php(41): CFilterChain->run()
#2 /home/endel/www/yii/framework/web/CController.php(1146): CAccessControlFilter->filter()
#3 /home/endel/www/yii/framework/web/filters/CInlineFilter.php(59): AgendaProteseController->filterAccessControl()
#4 /home/endel/www/yii/framework/web/filters/CFilterChain.php(131): CInlineFilter->filter()
#5 /home/endel/www/yii/framework/web/CController.php(292): CFilterChain->run()
#6 /home/endel/www/yii/framework/web/CController.php(266): AgendaProteseController->runActionWithFilters()
#7 /home/endel/www/yii/framework/web/CWebApplication.php(283): AgendaProteseController->run()
#8 /home/endel/www/yii/framework/web/CWebApplication.php(142): CWebApplication->runController()
#9 /home/endel/www/yii/framework/base/CApplication.php(162): CWebApplication->processRequest()
#10 /home/endel/www/fsa/index.php(13): CWebApplication->run()
REQUEST_URI=/dev/fsa/index.php?r=agendaProtese/create
in /home/endel/www/fsa/protected/controllers/AgendaProteseController.php (81)
in /home/endel/www/fsa/index.php (13)
2012/11/19 13:32:16 [error] [php] Undefined variable: modelRef (/home/endel/www/fsa/protected/controllers/AgendaProteseController.php:81)
Stack trace:
#0 /home/endel/www/yii/framework/web/filters/CFilterChain.php(134): AgendaProteseController->runAction()
#1 /home/endel/www/yii/framework/web/filters/CFilter.php(41): CFilterChain->run()
#2 /home/endel/www/yii/framework/web/CController.php(1146): CAccessControlFilter->filter()
#3 /home/endel/www/yii/framework/web/filters/CInlineFilter.php(59): AgendaProteseController->filterAccessControl()
#4 /home/endel/www/yii/framework/web/filters/CFilterChain.php(131): CInlineFilter->filter()
#5 /home/endel/www/yii/framework/web/CController.php(292): CFilterChain->run()
#6 /home/endel/www/yii/framework/web/CController.php(266): AgendaProteseController->runActionWithFilters()
#7 /home/endel/www/yii/framework/web/CWebApplication.php(283): AgendaProteseController->run()
#8 /home/endel/www/yii/framework/web/CWebApplication.php(142): CWebApplication->runController()
#9 /home/endel/www/yii/framework/base/CApplication.php(162): CWebApplication->processRequest()
#10 /home/endel/www/fsa/index.php(13): CWebApplication->run()
REQUEST_URI=/dev/fsa/index.php?r=agendaProtese/create
in /home/endel/www/fsa/protected/controllers/AgendaProteseController.php (81)
in /home/endel/www/fsa/index.php (13)
2012/11/19 13:38:54 [warning] [application] Failed to set unsafe attribute "observacao" of "Monitoramento".
in /home/endel/www/fsa/protected/controllers/MonitoramentoController.php (98)
in /home/endel/www/fsa/index.php (13)
2012/11/19 13:38:54 [warning] [application] Failed to set unsafe attribute "desenvolvimento_motor" of "Monitoramento".
in /home/endel/www/fsa/protected/controllers/MonitoramentoController.php (98)
in /home/endel/www/fsa/index.php (13)
2012/11/19 13:38:54 [warning] [application] Failed to set unsafe attribute "desenvolvimento_auditivo" of "Monitoramento".
in /home/endel/www/fsa/protected/controllers/MonitoramentoController.php (98)
in /home/endel/www/fsa/index.php (13)
2012/11/19 13:38:54 [warning] [application] Failed to set unsafe attribute "desenvolvimento_linguagem" of "Monitoramento".
in /home/endel/www/fsa/protected/controllers/MonitoramentoController.php (98)
in /home/endel/www/fsa/index.php (13)
2012/11/21 15:37:59 [error] [exception.CHttpException.403] exception 'CHttpException' with message 'Você não está autorizado a realizar essa operação.' in /home/endel/www/yii/framework/web/auth/CAccessControlFilter.php:170
Stack trace:
#0 /home/endel/www/yii/framework/web/auth/CAccessControlFilter.php(133): CAccessControlFilter->accessDenied(Object(WebUser), 'Voc?? n??o est?...')
#1 /home/endel/www/yii/framework/web/filters/CFilter.php(39): CAccessControlFilter->preFilter(Object(CFilterChain))
#2 /home/endel/www/yii/framework/web/CController.php(1146): CFilter->filter(Object(CFilterChain))
#3 /home/endel/www/yii/framework/web/filters/CInlineFilter.php(59): CController->filterAccessControl(Object(CFilterChain))
#4 /home/endel/www/yii/framework/web/filters/CFilterChain.php(131): CInlineFilter->filter(Object(CFilterChain))
#5 /home/endel/www/yii/framework/web/CController.php(292): CFilterChain->run()
#6 /home/endel/www/yii/framework/web/CController.php(266): CController->runActionWithFilters(Object(CInlineAction), Array)
#7 /home/endel/www/yii/framework/web/CWebApplication.php(283): CController->run('create')
#8 /home/endel/www/yii/framework/web/CWebApplication.php(142): CWebApplication->runController('user/create')
#9 /home/endel/www/yii/framework/base/CApplication.php(162): CWebApplication->processRequest()
#10 /home/endel/www/fsa/index.php(13): CApplication->run()
#11 {main}
REQUEST_URI=/dev/fsa/index.php?r=user/create
HTTP_REFERER=http://localhost/dev/fsa/index.php?r=user/update&id=3
---
2012/11/21 15:38:19 [error] [exception.CHttpException.403] exception 'CHttpException' with message 'Você não está autorizado a realizar essa operação.' in /home/endel/www/yii/framework/web/auth/CAccessControlFilter.php:170
Stack trace:
#0 /home/endel/www/yii/framework/web/auth/CAccessControlFilter.php(133): CAccessControlFilter->accessDenied(Object(WebUser), 'Voc?? n??o est?...')
#1 /home/endel/www/yii/framework/web/filters/CFilter.php(39): CAccessControlFilter->preFilter(Object(CFilterChain))
#2 /home/endel/www/yii/framework/web/CController.php(1146): CFilter->filter(Object(CFilterChain))
#3 /home/endel/www/yii/framework/web/filters/CInlineFilter.php(59): CController->filterAccessControl(Object(CFilterChain))
#4 /home/endel/www/yii/framework/web/filters/CFilterChain.php(131): CInlineFilter->filter(Object(CFilterChain))
#5 /home/endel/www/yii/framework/web/CController.php(292): CFilterChain->run()
#6 /home/endel/www/yii/framework/web/CController.php(266): CController->runActionWithFilters(Object(CInlineAction), Array)
#7 /home/endel/www/yii/framework/web/CWebApplication.php(283): CController->run('admin')
#8 /home/endel/www/yii/framework/web/CWebApplication.php(142): CWebApplication->runController('user/admin')
#9 /home/endel/www/yii/framework/base/CApplication.php(162): CWebApplication->processRequest()
#10 /home/endel/www/fsa/index.php(13): CApplication->run()
#11 {main}
REQUEST_URI=/dev/fsa/index.php?r=user/admin
HTTP_REFERER=http://localhost/dev/fsa/index.php?r=user/update&id=3
---
2012/11/21 15:40:16 [error] [php] Undefined variable: user (/home/endel/www/fsa/protected/views/user/view.php:14)
Stack trace:
#0 /home/endel/www/yii/framework/web/CController.php(870): UserController->renderFile()
#1 /home/endel/www/yii/framework/web/CController.php(783): UserController->renderPartial()
#2 /home/endel/www/fsa/protected/controllers/UserController.php(56): UserController->render()
#3 unknown(0): UserController->actionView()
#4 /home/endel/www/yii/framework/web/actions/CAction.php(107): ReflectionMethod->invokeArgs()
#5 /home/endel/www/yii/framework/web/actions/CInlineAction.php(48): CInlineAction->runWithParamsInternal()
#6 /home/endel/www/yii/framework/web/CController.php(309): CInlineAction->runWithParams()
#7 /home/endel/www/yii/framework/web/filters/CFilterChain.php(134): UserController->runAction()
#8 /home/endel/www/yii/framework/web/filters/CFilter.php(41): CFilterChain->run()
#9 /home/endel/www/yii/framework/web/CController.php(1146): CAccessControlFilter->filter()
#10 /home/endel/www/yii/framework/web/filters/CInlineFilter.php(59): UserController->filterAccessControl()
#11 /home/endel/www/yii/framework/web/filters/CFilterChain.php(131): CInlineFilter->filter()
#12 /home/endel/www/yii/framework/web/CController.php(292): CFilterChain->run()
#13 /home/endel/www/yii/framework/web/CController.php(266): UserController->runActionWithFilters()
#14 /home/endel/www/yii/framework/web/CWebApplication.php(283): UserController->run()
#15 /home/endel/www/yii/framework/web/CWebApplication.php(142): CWebApplication->runController()
#16 /home/endel/www/yii/framework/base/CApplication.php(162): CWebApplication->processRequest()
#17 /home/endel/www/fsa/index.php(13): CWebApplication->run()
REQUEST_URI=/dev/fsa/index.php?r=user/view&id=3
in /home/endel/www/fsa/protected/views/user/view.php (14)
in /home/endel/www/fsa/protected/controllers/UserController.php (56)
in /home/endel/www/fsa/index.php (13)
2012/11/21 15:41:44 [error] [php] Undefined variable: user (/home/endel/www/fsa/protected/views/user/update.php:12)
Stack trace:
#0 /home/endel/www/yii/framework/web/CController.php(870): UserController->renderFile()
#1 /home/endel/www/yii/framework/web/CController.php(783): UserController->renderPartial()
#2 /home/endel/www/fsa/protected/controllers/UserController.php(103): UserController->render()
#3 unknown(0): UserController->actionUpdate()
#4 /home/endel/www/yii/framework/web/actions/CAction.php(107): ReflectionMethod->invokeArgs()
#5 /home/endel/www/yii/framework/web/actions/CInlineAction.php(48): CInlineAction->runWithParamsInternal()
#6 /home/endel/www/yii/framework/web/CController.php(309): CInlineAction->runWithParams()
#7 /home/endel/www/yii/framework/web/filters/CFilterChain.php(134): UserController->runAction()
#8 /home/endel/www/yii/framework/web/filters/CFilter.php(41): CFilterChain->run()
#9 /home/endel/www/yii/framework/web/CController.php(1146): CAccessControlFilter->filter()
#10 /home/endel/www/yii/framework/web/filters/CInlineFilter.php(59): UserController->filterAccessControl()
#11 /home/endel/www/yii/framework/web/filters/CFilterChain.php(131): CInlineFilter->filter()
#12 /home/endel/www/yii/framework/web/CController.php(292): CFilterChain->run()
#13 /home/endel/www/yii/framework/web/CController.php(266): UserController->runActionWithFilters()
#14 /home/endel/www/yii/framework/web/CWebApplication.php(283): UserController->run()
#15 /home/endel/www/yii/framework/web/CWebApplication.php(142): CWebApplication->runController()
#16 /home/endel/www/yii/framework/base/CApplication.php(162): CWebApplication->processRequest()
#17 /home/endel/www/fsa/index.php(13): CWebApplication->run()
REQUEST_URI=/dev/fsa/index.php?r=user/update&id=3
in /home/endel/www/fsa/protected/views/user/update.php (12)
in /home/endel/www/fsa/protected/controllers/UserController.php (103)
in /home/endel/www/fsa/index.php (13)
2012/11/21 15:42:32 [error] [php] Undefined variable: user (/home/endel/www/fsa/protected/views/user/index.php:10)
Stack trace:
#0 /home/endel/www/yii/framework/web/CController.php(870): UserController->renderFile()
#1 /home/endel/www/yii/framework/web/CController.php(783): UserController->renderPartial()
#2 /home/endel/www/fsa/protected/controllers/UserController.php(128): UserController->render()
#3 /home/endel/www/yii/framework/web/actions/CInlineAction.php(50): UserController->actionIndex()
#4 /home/endel/www/yii/framework/web/CController.php(309): CInlineAction->runWithParams()
#5 /home/endel/www/yii/framework/web/filters/CFilterChain.php(134): UserController->runAction()
#6 /home/endel/www/yii/framework/web/filters/CFilter.php(41): CFilterChain->run()
#7 /home/endel/www/yii/framework/web/CController.php(1146): CAccessControlFilter->filter()
#8 /home/endel/www/yii/framework/web/filters/CInlineFilter.php(59): UserController->filterAccessControl()
#9 /home/endel/www/yii/framework/web/filters/CFilterChain.php(131): CInlineFilter->filter()
#10 /home/endel/www/yii/framework/web/CController.php(292): CFilterChain->run()
#11 /home/endel/www/yii/framework/web/CController.php(266): UserController->runActionWithFilters()
#12 /home/endel/www/yii/framework/web/CWebApplication.php(283): UserController->run()
#13 /home/endel/www/yii/framework/web/CWebApplication.php(142): CWebApplication->runController()
#14 /home/endel/www/yii/framework/base/CApplication.php(162): CWebApplication->processRequest()
#15 /home/endel/www/fsa/index.php(13): CWebApplication->run()
REQUEST_URI=/dev/fsa/index.php?r=user/index&id=3
in /home/endel/www/fsa/protected/views/user/index.php (10)
in /home/endel/www/fsa/protected/controllers/UserController.php (128)
in /home/endel/www/fsa/index.php (13)
2012/11/21 16:36:58 [error] [exception.CHttpException.403] exception 'CHttpException' with message 'Você não está autorizado a realizar essa operação.' in /home/endel/www/yii/framework/web/auth/CAccessControlFilter.php:170
Stack trace:
#0 /home/endel/www/yii/framework/web/auth/CAccessControlFilter.php(133): CAccessControlFilter->accessDenied(Object(WebUser), 'Voc?? n??o est?...')
#1 /home/endel/www/yii/framework/web/filters/CFilter.php(39): CAccessControlFilter->preFilter(Object(CFilterChain))
#2 /home/endel/www/yii/framework/web/CController.php(1146): CFilter->filter(Object(CFilterChain))
#3 /home/endel/www/yii/framework/web/filters/CInlineFilter.php(59): CController->filterAccessControl(Object(CFilterChain))
#4 /home/endel/www/yii/framework/web/filters/CFilterChain.php(131): CInlineFilter->filter(Object(CFilterChain))
#5 /home/endel/www/yii/framework/web/CController.php(292): CFilterChain->run()
#6 /home/endel/www/yii/framework/web/CController.php(266): CController->runActionWithFilters(Object(CInlineAction), Array)
#7 /home/endel/www/yii/framework/web/CWebApplication.php(283): CController->run('create')
#8 /home/endel/www/yii/framework/web/CWebApplication.php(142): CWebApplication->runController('user/create')
#9 /home/endel/www/yii/framework/base/CApplication.php(162): CWebApplication->processRequest()
#10 /home/endel/www/fsa/index.php(13): CApplication->run()
#11 {main}
REQUEST_URI=/dev/fsa/index.php?r=user/create
HTTP_REFERER=http://localhost/dev/fsa/index.php?r=user/admin
---
2012/11/21 20:11:26 [warning] [application] Failed to set unsafe attribute "motivo" of "Diagnostico".
in /home/endel/www/fsa/protected/controllers/DiagnosticoController.php (72)
in /home/endel/www/fsa/index.php (13)
2012/11/21 20:11:26 [warning] [application] Failed to set unsafe attribute "conclusao_limiar_eletrofisiologico" of "Diagnostico".
in /home/endel/www/fsa/protected/controllers/DiagnosticoController.php (72)
in /home/endel/www/fsa/index.php (13)
2012/11/21 20:11:26 [warning] [application] Failed to set unsafe attribute "conclusao_reflexo" of "Diagnostico".
in /home/endel/www/fsa/protected/controllers/DiagnosticoController.php (72)
in /home/endel/www/fsa/index.php (13)
2012/11/21 20:11:26 [warning] [application] Failed to set unsafe attribute "conduta_reflexo" of "Diagnostico".
in /home/endel/www/fsa/protected/controllers/DiagnosticoController.php (72)
in /home/endel/www/fsa/index.php (13)
2012/11/21 20:21:07 [error] [php] Undefined variable: validatedRetorno (/home/endel/www/fsa/protected/controllers/OrlController.php:118)
Stack trace:
#0 /home/endel/www/yii/framework/web/actions/CInlineAction.php(48): CInlineAction->runWithParamsInternal()
#1 /home/endel/www/yii/framework/web/CController.php(309): CInlineAction->runWithParams()
#2 /home/endel/www/yii/framework/web/filters/CFilterChain.php(134): OrlController->runAction()
#3 /home/endel/www/yii/framework/web/filters/CFilter.php(41): CFilterChain->run()
#4 /home/endel/www/yii/framework/web/CController.php(1146): CAccessControlFilter->filter()
#5 /home/endel/www/yii/framework/web/filters/CInlineFilter.php(59): OrlController->filterAccessControl()
#6 /home/endel/www/yii/framework/web/filters/CFilterChain.php(131): CInlineFilter->filter()
#7 /home/endel/www/yii/framework/web/CController.php(292): CFilterChain->run()
#8 /home/endel/www/yii/framework/web/CController.php(266): OrlController->runActionWithFilters()
#9 /home/endel/www/yii/framework/web/CWebApplication.php(283): OrlController->run()
#10 /home/endel/www/yii/framework/web/CWebApplication.php(142): CWebApplication->runController()
#11 /home/endel/www/yii/framework/base/CApplication.php(162): CWebApplication->processRequest()
#12 /home/endel/www/fsa/index.php(13): CWebApplication->run()
REQUEST_URI=/dev/fsa/index.php?r=orl/update&id=8
in /home/endel/www/fsa/protected/controllers/OrlController.php (118)
in /home/endel/www/fsa/index.php (13)
2012/11/21 20:22:13 [error] [php] Undefined variable: validatedRetorno (/home/endel/www/fsa/protected/controllers/OrlController.php:118)
Stack trace:
#0 /home/endel/www/yii/framework/web/actions/CInlineAction.php(48): CInlineAction->runWithParamsInternal()
#1 /home/endel/www/yii/framework/web/CController.php(309): CInlineAction->runWithParams()
#2 /home/endel/www/yii/framework/web/filters/CFilterChain.php(134): OrlController->runAction()
#3 /home/endel/www/yii/framework/web/filters/CFilter.php(41): CFilterChain->run()
#4 /home/endel/www/yii/framework/web/CController.php(1146): CAccessControlFilter->filter()
#5 /home/endel/www/yii/framework/web/filters/CInlineFilter.php(59): OrlController->filterAccessControl()
#6 /home/endel/www/yii/framework/web/filters/CFilterChain.php(131): CInlineFilter->filter()
#7 /home/endel/www/yii/framework/web/CController.php(292): CFilterChain->run()
#8 /home/endel/www/yii/framework/web/CController.php(266): OrlController->runActionWithFilters()
#9 /home/endel/www/yii/framework/web/CWebApplication.php(283): OrlController->run()
#10 /home/endel/www/yii/framework/web/CWebApplication.php(142): CWebApplication->runController()
#11 /home/endel/www/yii/framework/base/CApplication.php(162): CWebApplication->processRequest()
#12 /home/endel/www/fsa/index.php(13): CWebApplication->run()
REQUEST_URI=/dev/fsa/index.php?r=orl/update&id=8
in /home/endel/www/fsa/protected/controllers/OrlController.php (118)
in /home/endel/www/fsa/index.php (13)
2012/11/21 20:22:15 [error] [php] Undefined variable: validatedRetorno (/home/endel/www/fsa/protected/controllers/OrlController.php:118)
Stack trace:
#0 /home/endel/www/yii/framework/web/actions/CInlineAction.php(48): CInlineAction->runWithParamsInternal()
#1 /home/endel/www/yii/framework/web/CController.php(309): CInlineAction->runWithParams()
#2 /home/endel/www/yii/framework/web/filters/CFilterChain.php(134): OrlController->runAction()
#3 /home/endel/www/yii/framework/web/filters/CFilter.php(41): CFilterChain->run()
#4 /home/endel/www/yii/framework/web/CController.php(1146): CAccessControlFilter->filter()
#5 /home/endel/www/yii/framework/web/filters/CInlineFilter.php(59): OrlController->filterAccessControl()
#6 /home/endel/www/yii/framework/web/filters/CFilterChain.php(131): CInlineFilter->filter()
#7 /home/endel/www/yii/framework/web/CController.php(292): CFilterChain->run()
#8 /home/endel/www/yii/framework/web/CController.php(266): OrlController->runActionWithFilters()
#9 /home/endel/www/yii/framework/web/CWebApplication.php(283): OrlController->run()
#10 /home/endel/www/yii/framework/web/CWebApplication.php(142): CWebApplication->runController()
#11 /home/endel/www/yii/framework/base/CApplication.php(162): CWebApplication->processRequest()
#12 /home/endel/www/fsa/index.php(13): CWebApplication->run()
REQUEST_URI=/dev/fsa/index.php?r=orl/update&id=8
in /home/endel/www/fsa/protected/controllers/OrlController.php (118)
in /home/endel/www/fsa/index.php (13)
2012/11/21 20:22:18 [error] [php] Undefined variable: validatedRetorno (/home/endel/www/fsa/protected/controllers/OrlController.php:118)
Stack trace:
#0 /home/endel/www/yii/framework/web/actions/CInlineAction.php(48): CInlineAction->runWithParamsInternal()
#1 /home/endel/www/yii/framework/web/CController.php(309): CInlineAction->runWithParams()
#2 /home/endel/www/yii/framework/web/filters/CFilterChain.php(134): OrlController->runAction()
#3 /home/endel/www/yii/framework/web/filters/CFilter.php(41): CFilterChain->run()
#4 /home/endel/www/yii/framework/web/CController.php(1146): CAccessControlFilter->filter()
#5 /home/endel/www/yii/framework/web/filters/CInlineFilter.php(59): OrlController->filterAccessControl()
#6 /home/endel/www/yii/framework/web/filters/CFilterChain.php(131): CInlineFilter->filter()
#7 /home/endel/www/yii/framework/web/CController.php(292): CFilterChain->run()
#8 /home/endel/www/yii/framework/web/CController.php(266): OrlController->runActionWithFilters()
#9 /home/endel/www/yii/framework/web/CWebApplication.php(283): OrlController->run()
#10 /home/endel/www/yii/framework/web/CWebApplication.php(142): CWebApplication->runController()
#11 /home/endel/www/yii/framework/base/CApplication.php(162): CWebApplication->processRequest()
#12 /home/endel/www/fsa/index.php(13): CWebApplication->run()
REQUEST_URI=/dev/fsa/index.php?r=orl/update&id=8
in /home/endel/www/fsa/protected/controllers/OrlController.php (118)
in /home/endel/www/fsa/index.php (13)
2012/11/21 20:51:43 [error] [php] Undefined variable: validatedRetorno (/home/endel/www/fsa/protected/controllers/OrlController.php:118)
Stack trace:
#0 /home/endel/www/yii/framework/web/actions/CInlineAction.php(48): CInlineAction->runWithParamsInternal()
#1 /home/endel/www/yii/framework/web/CController.php(309): CInlineAction->runWithParams()
#2 /home/endel/www/yii/framework/web/filters/CFilterChain.php(134): OrlController->runAction()
#3 /home/endel/www/yii/framework/web/filters/CFilter.php(41): CFilterChain->run()
#4 /home/endel/www/yii/framework/web/CController.php(1146): CAccessControlFilter->filter()
#5 /home/endel/www/yii/framework/web/filters/CInlineFilter.php(59): OrlController->filterAccessControl()
#6 /home/endel/www/yii/framework/web/filters/CFilterChain.php(131): CInlineFilter->filter()
#7 /home/endel/www/yii/framework/web/CController.php(292): CFilterChain->run()
#8 /home/endel/www/yii/framework/web/CController.php(266): OrlController->runActionWithFilters()
#9 /home/endel/www/yii/framework/web/CWebApplication.php(283): OrlController->run()
#10 /home/endel/www/yii/framework/web/CWebApplication.php(142): CWebApplication->runController()
#11 /home/endel/www/yii/framework/base/CApplication.php(162): CWebApplication->processRequest()
#12 /home/endel/www/fsa/index.php(13): CWebApplication->run()
REQUEST_URI=/dev/fsa/index.php?r=orl/update&id=8
in /home/endel/www/fsa/protected/controllers/OrlController.php (118)
in /home/endel/www/fsa/index.php (13)
2012/11/21 21:01:58 [warning] [application] Failed to set unsafe attribute "data_internacao" of "Paciente".
in /home/endel/www/fsa/protected/controllers/PacienteController.php (108)
in /home/endel/www/fsa/index.php (13)
2012/11/21 22:36:56 [error] [php] Undefined variable: validatedRetorno (/home/endel/www/fsa/protected/controllers/OrlController.php:118)
Stack trace:
#0 /home/endel/www/yii/framework/web/actions/CInlineAction.php(48): CInlineAction->runWithParamsInternal()
#1 /home/endel/www/yii/framework/web/CController.php(309): CInlineAction->runWithParams()
#2 /home/endel/www/yii/framework/web/filters/CFilterChain.php(134): OrlController->runAction()
#3 /home/endel/www/yii/framework/web/filters/CFilter.php(41): CFilterChain->run()
#4 /home/endel/www/yii/framework/web/CController.php(1146): CAccessControlFilter->filter()
#5 /home/endel/www/yii/framework/web/filters/CInlineFilter.php(59): OrlController->filterAccessControl()
#6 /home/endel/www/yii/framework/web/filters/CFilterChain.php(131): CInlineFilter->filter()
#7 /home/endel/www/yii/framework/web/CController.php(292): CFilterChain->run()
#8 /home/endel/www/yii/framework/web/CController.php(266): OrlController->runActionWithFilters()
#9 /home/endel/www/yii/framework/web/CWebApplication.php(283): OrlController->run()
#10 /home/endel/www/yii/framework/web/CWebApplication.php(142): CWebApplication->runController()
#11 /home/endel/www/yii/framework/base/CApplication.php(162): CWebApplication->processRequest()
#12 /home/endel/www/fsa/index.php(13): CWebApplication->run()
REQUEST_URI=/dev/fsa/index.php?r=orl/update&id=1
in /home/endel/www/fsa/protected/controllers/OrlController.php (118)
in /home/endel/www/fsa/index.php (13)
